Determining if the include file sgidefs.h exists failed with the following output:
Change Dir: /Users/seviezhou/Downloads/libdwarf-code-aafe188d1b8a2d50c4bdd1d8890980f0f5c65f84/build/CMakeFiles/CMakeTmp

Run Build Command:"/usr/bin/make" "cmTC_39f5d/fast"
/Applications/Xcode.app/Contents/Developer/usr/bin/make -f CMakeFiles/cmTC_39f5d.dir/build.make CMakeFiles/cmTC_39f5d.dir/build
Building C object CMakeFiles/cmTC_39f5d.dir/CheckIncludeFile.c.o
/Applications/Xcode.app/Contents/Developer/Toolchains/XcodeDefault.xctoolchain/usr/bin/cc    -o CMakeFiles/cmTC_39f5d.dir/CheckIncludeFile.c.o   -c /Users/seviezhou/Downloads/libdwarf-code-aafe188d1b8a2d50c4bdd1d8890980f0f5c65f84/build/CMakeFiles/CMakeTmp/CheckIncludeFile.c
/Users/seviezhou/Downloads/libdwarf-code-aafe188d1b8a2d50c4bdd1d8890980f0f5c65f84/build/CMakeFiles/CMakeTmp/CheckIncludeFile.c:1:10: fatal error: 'sgidefs.h' file not found
#include <sgidefs.h>
         ^~~~~~~~~~~
1 error generated.
make[1]: *** [CMakeFiles/cmTC_39f5d.dir/CheckIncludeFile.c.o] Error 1
make: *** [cmTC_39f5d/fast] Error 2


Determining if the include file stdafx.h exists failed with the following output:
Change Dir: /Users/seviezhou/Downloads/libdwarf-code-aafe188d1b8a2d50c4bdd1d8890980f0f5c65f84/build/CMakeFiles/CMakeTmp

Run Build Command:"/usr/bin/make" "cmTC_bf886/fast"
/Applications/Xcode.app/Contents/Developer/usr/bin/make -f CMakeFiles/cmTC_bf886.dir/build.make CMakeFiles/cmTC_bf886.dir/build
Building C object CMakeFiles/cmTC_bf886.dir/CheckIncludeFile.c.o
/Applications/Xcode.app/Contents/Developer/Toolchains/XcodeDefault.xctoolchain/usr/bin/cc    -o CMakeFiles/cmTC_bf886.dir/CheckIncludeFile.c.o   -c /Users/seviezhou/Downloads/libdwarf-code-aafe188d1b8a2d50c4bdd1d8890980f0f5c65f84/build/CMakeFiles/CMakeTmp/CheckIncludeFile.c
/Users/seviezhou/Downloads/libdwarf-code-aafe188d1b8a2d50c4bdd1d8890980f0f5c65f84/build/CMakeFiles/CMakeTmp/CheckIncludeFile.c:1:10: fatal error: 'stdafx.h' file not found
#include <stdafx.h>
         ^~~~~~~~~~
1 error generated.
make[1]: *** [CMakeFiles/cmTC_bf886.dir/CheckIncludeFile.c.o] Error 1
make: *** [cmTC_bf886/fast] Error 2


Determining if the include file Windows.h exists failed with the following output:
Change Dir: /Users/seviezhou/Downloads/libdwarf-code-aafe188d1b8a2d50c4bdd1d8890980f0f5c65f84/build/CMakeFiles/CMakeTmp

Run Build Command:"/usr/bin/make" "cmTC_13c5d/fast"
/Applications/Xcode.app/Contents/Developer/usr/bin/make -f CMakeFiles/cmTC_13c5d.dir/build.make CMakeFiles/cmTC_13c5d.dir/build
Building C object CMakeFiles/cmTC_13c5d.dir/CheckIncludeFile.c.o
/Applications/Xcode.app/Contents/Developer/Toolchains/XcodeDefault.xctoolchain/usr/bin/cc    -o CMakeFiles/cmTC_13c5d.dir/CheckIncludeFile.c.o   -c /Users/seviezhou/Downloads/libdwarf-code-aafe188d1b8a2d50c4bdd1d8890980f0f5c65f84/build/CMakeFiles/CMakeTmp/CheckIncludeFile.c
/Users/seviezhou/Downloads/libdwarf-code-aafe188d1b8a2d50c4bdd1d8890980f0f5c65f84/build/CMakeFiles/CMakeTmp/CheckIncludeFile.c:1:10: fatal error: 'Windows.h' file not found
#include <Windows.h>
         ^~~~~~~~~~~
1 error generated.
make[1]: *** [CMakeFiles/cmTC_13c5d.dir/CheckIncludeFile.c.o] Error 1
make: *** [cmTC_13c5d/fast] Error 2


Determining if the include file elf.h exists failed with the following output:
Change Dir: /Users/seviezhou/Downloads/libdwarf-code-aafe188d1b8a2d50c4bdd1d8890980f0f5c65f84/build/CMakeFiles/CMakeTmp

Run Build Command:"/usr/bin/make" "cmTC_cc79a/fast"
/Applications/Xcode.app/Contents/Developer/usr/bin/make -f CMakeFiles/cmTC_cc79a.dir/build.make CMakeFiles/cmTC_cc79a.dir/build
Building C object CMakeFiles/cmTC_cc79a.dir/CheckIncludeFile.c.o
/Applications/Xcode.app/Contents/Developer/Toolchains/XcodeDefault.xctoolchain/usr/bin/cc    -o CMakeFiles/cmTC_cc79a.dir/CheckIncludeFile.c.o   -c /Users/seviezhou/Downloads/libdwarf-code-aafe188d1b8a2d50c4bdd1d8890980f0f5c65f84/build/CMakeFiles/CMakeTmp/CheckIncludeFile.c
/Users/seviezhou/Downloads/libdwarf-code-aafe188d1b8a2d50c4bdd1d8890980f0f5c65f84/build/CMakeFiles/CMakeTmp/CheckIncludeFile.c:1:10: fatal error: 'elf.h' file not found
#include <elf.h>
         ^~~~~~~
1 error generated.
make[1]: *** [CMakeFiles/cmTC_cc79a.dir/CheckIncludeFile.c.o] Error 1
make: *** [cmTC_cc79a/fast] Error 2


Determining if the include file libelf.h exists failed with the following output:
Change Dir: /Users/seviezhou/Downloads/libdwarf-code-aafe188d1b8a2d50c4bdd1d8890980f0f5c65f84/build/CMakeFiles/CMakeTmp

Run Build Command:"/usr/bin/make" "cmTC_4d7d9/fast"
/Applications/Xcode.app/Contents/Developer/usr/bin/make -f CMakeFiles/cmTC_4d7d9.dir/build.make CMakeFiles/cmTC_4d7d9.dir/build
Building C object CMakeFiles/cmTC_4d7d9.dir/CheckIncludeFile.c.o
/Applications/Xcode.app/Contents/Developer/Toolchains/XcodeDefault.xctoolchain/usr/bin/cc    -o CMakeFiles/cmTC_4d7d9.dir/CheckIncludeFile.c.o   -c /Users/seviezhou/Downloads/libdwarf-code-aafe188d1b8a2d50c4bdd1d8890980f0f5c65f84/build/CMakeFiles/CMakeTmp/CheckIncludeFile.c
/Users/seviezhou/Downloads/libdwarf-code-aafe188d1b8a2d50c4bdd1d8890980f0f5c65f84/build/CMakeFiles/CMakeTmp/CheckIncludeFile.c:1:10: fatal error: 'libelf.h' file not found
#include <libelf.h>
         ^~~~~~~~~~
1 error generated.
make[1]: *** [CMakeFiles/cmTC_4d7d9.dir/CheckIncludeFile.c.o] Error 1
make: *** [cmTC_4d7d9/fast] Error 2


Determining if the include file libelf/libelf.h exists failed with the following output:
Change Dir: /Users/seviezhou/Downloads/libdwarf-code-aafe188d1b8a2d50c4bdd1d8890980f0f5c65f84/build/CMakeFiles/CMakeTmp

Run Build Command:"/usr/bin/make" "cmTC_3a8e1/fast"
/Applications/Xcode.app/Contents/Developer/usr/bin/make -f CMakeFiles/cmTC_3a8e1.dir/build.make CMakeFiles/cmTC_3a8e1.dir/build
Building C object CMakeFiles/cmTC_3a8e1.dir/CheckIncludeFile.c.o
/Applications/Xcode.app/Contents/Developer/Toolchains/XcodeDefault.xctoolchain/usr/bin/cc    -o CMakeFiles/cmTC_3a8e1.dir/CheckIncludeFile.c.o   -c /Users/seviezhou/Downloads/libdwarf-code-aafe188d1b8a2d50c4bdd1d8890980f0f5c65f84/build/CMakeFiles/CMakeTmp/CheckIncludeFile.c
/Users/seviezhou/Downloads/libdwarf-code-aafe188d1b8a2d50c4bdd1d8890980f0f5c65f84/build/CMakeFiles/CMakeTmp/CheckIncludeFile.c:1:10: fatal error: 'libelf/libelf.h' file not found
#include <libelf/libelf.h>
         ^~~~~~~~~~~~~~~~~
1 error generated.
make[1]: *** [CMakeFiles/cmTC_3a8e1.dir/CheckIncludeFile.c.o] Error 1
make: *** [cmTC_3a8e1/fast] Error 2


Determining if the include file elfaccess.h exists failed with the following output:
Change Dir: /Users/seviezhou/Downloads/libdwarf-code-aafe188d1b8a2d50c4bdd1d8890980f0f5c65f84/build/CMakeFiles/CMakeTmp

Run Build Command:"/usr/bin/make" "cmTC_9101e/fast"
/Applications/Xcode.app/Contents/Developer/usr/bin/make -f CMakeFiles/cmTC_9101e.dir/build.make CMakeFiles/cmTC_9101e.dir/build
Building C object CMakeFiles/cmTC_9101e.dir/CheckIncludeFile.c.o
/Applications/Xcode.app/Contents/Developer/Toolchains/XcodeDefault.xctoolchain/usr/bin/cc    -o CMakeFiles/cmTC_9101e.dir/CheckIncludeFile.c.o   -c /Users/seviezhou/Downloads/libdwarf-code-aafe188d1b8a2d50c4bdd1d8890980f0f5c65f84/build/CMakeFiles/CMakeTmp/CheckIncludeFile.c
/Users/seviezhou/Downloads/libdwarf-code-aafe188d1b8a2d50c4bdd1d8890980f0f5c65f84/build/CMakeFiles/CMakeTmp/CheckIncludeFile.c:1:10: fatal error: 'elfaccess.h' file not found
#include <elfaccess.h>
         ^~~~~~~~~~~~~
1 error generated.
make[1]: *** [CMakeFiles/cmTC_9101e.dir/CheckIncludeFile.c.o] Error 1
make: *** [cmTC_9101e/fast] Error 2


Determining if the include file sys/elf_386.h exists failed with the following output:
Change Dir: /Users/seviezhou/Downloads/libdwarf-code-aafe188d1b8a2d50c4bdd1d8890980f0f5c65f84/build/CMakeFiles/CMakeTmp

Run Build Command:"/usr/bin/make" "cmTC_05835/fast"
/Applications/Xcode.app/Contents/Developer/usr/bin/make -f CMakeFiles/cmTC_05835.dir/build.make CMakeFiles/cmTC_05835.dir/build
Building C object CMakeFiles/cmTC_05835.dir/CheckIncludeFile.c.o
/Applications/Xcode.app/Contents/Developer/Toolchains/XcodeDefault.xctoolchain/usr/bin/cc    -o CMakeFiles/cmTC_05835.dir/CheckIncludeFile.c.o   -c /Users/seviezhou/Downloads/libdwarf-code-aafe188d1b8a2d50c4bdd1d8890980f0f5c65f84/build/CMakeFiles/CMakeTmp/CheckIncludeFile.c
/Users/seviezhou/Downloads/libdwarf-code-aafe188d1b8a2d50c4bdd1d8890980f0f5c65f84/build/CMakeFiles/CMakeTmp/CheckIncludeFile.c:1:10: fatal error: 'sys/elf_386.h' file not found
#include <sys/elf_386.h>
         ^~~~~~~~~~~~~~~
1 error generated.
make[1]: *** [CMakeFiles/cmTC_05835.dir/CheckIncludeFile.c.o] Error 1
make: *** [cmTC_05835/fast] Error 2


Determining if the include file sys/elf_amd64.h exists failed with the following output:
Change Dir: /Users/seviezhou/Downloads/libdwarf-code-aafe188d1b8a2d50c4bdd1d8890980f0f5c65f84/build/CMakeFiles/CMakeTmp

Run Build Command:"/usr/bin/make" "cmTC_007ab/fast"
/Applications/Xcode.app/Contents/Developer/usr/bin/make -f CMakeFiles/cmTC_007ab.dir/build.make CMakeFiles/cmTC_007ab.dir/build
Building C object CMakeFiles/cmTC_007ab.dir/CheckIncludeFile.c.o
/Applications/Xcode.app/Contents/Developer/Toolchains/XcodeDefault.xctoolchain/usr/bin/cc    -o CMakeFiles/cmTC_007ab.dir/CheckIncludeFile.c.o   -c /Users/seviezhou/Downloads/libdwarf-code-aafe188d1b8a2d50c4bdd1d8890980f0f5c65f84/build/CMakeFiles/CMakeTmp/CheckIncludeFile.c
/Users/seviezhou/Downloads/libdwarf-code-aafe188d1b8a2d50c4bdd1d8890980f0f5c65f84/build/CMakeFiles/CMakeTmp/CheckIncludeFile.c:1:10: fatal error: 'sys/elf_amd64.h' file not found
#include <sys/elf_amd64.h>
         ^~~~~~~~~~~~~~~~~
1 error generated.
make[1]: *** [CMakeFiles/cmTC_007ab.dir/CheckIncludeFile.c.o] Error 1
make: *** [cmTC_007ab/fast] Error 2


Determining if the include file sys/elf_sparc.h exists failed with the following output:
Change Dir: /Users/seviezhou/Downloads/libdwarf-code-aafe188d1b8a2d50c4bdd1d8890980f0f5c65f84/build/CMakeFiles/CMakeTmp

Run Build Command:"/usr/bin/make" "cmTC_7c05a/fast"
/Applications/Xcode.app/Contents/Developer/usr/bin/make -f CMakeFiles/cmTC_7c05a.dir/build.make CMakeFiles/cmTC_7c05a.dir/build
Building C object CMakeFiles/cmTC_7c05a.dir/CheckIncludeFile.c.o
/Applications/Xcode.app/Contents/Developer/Toolchains/XcodeDefault.xctoolchain/usr/bin/cc    -o CMakeFiles/cmTC_7c05a.dir/CheckIncludeFile.c.o   -c /Users/seviezhou/Downloads/libdwarf-code-aafe188d1b8a2d50c4bdd1d8890980f0f5c65f84/build/CMakeFiles/CMakeTmp/CheckIncludeFile.c
/Users/seviezhou/Downloads/libdwarf-code-aafe188d1b8a2d50c4bdd1d8890980f0f5c65f84/build/CMakeFiles/CMakeTmp/CheckIncludeFile.c:1:10: fatal error: 'sys/elf_sparc.h' file not found
#include <sys/elf_sparc.h>
         ^~~~~~~~~~~~~~~~~
1 error generated.
make[1]: *** [CMakeFiles/cmTC_7c05a.dir/CheckIncludeFile.c.o] Error 1
make: *** [cmTC_7c05a/fast] Error 2


Determining if the include file sys/ia64/elf.h exists failed with the following output:
Change Dir: /Users/seviezhou/Downloads/libdwarf-code-aafe188d1b8a2d50c4bdd1d8890980f0f5c65f84/build/CMakeFiles/CMakeTmp

Run Build Command:"/usr/bin/make" "cmTC_fff0d/fast"
/Applications/Xcode.app/Contents/Developer/usr/bin/make -f CMakeFiles/cmTC_fff0d.dir/build.make CMakeFiles/cmTC_fff0d.dir/build
Building C object CMakeFiles/cmTC_fff0d.dir/CheckIncludeFile.c.o
/Applications/Xcode.app/Contents/Developer/Toolchains/XcodeDefault.xctoolchain/usr/bin/cc    -o CMakeFiles/cmTC_fff0d.dir/CheckIncludeFile.c.o   -c /Users/seviezhou/Downloads/libdwarf-code-aafe188d1b8a2d50c4bdd1d8890980f0f5c65f84/build/CMakeFiles/CMakeTmp/CheckIncludeFile.c
/Users/seviezhou/Downloads/libdwarf-code-aafe188d1b8a2d50c4bdd1d8890980f0f5c65f84/build/CMakeFiles/CMakeTmp/CheckIncludeFile.c:1:10: fatal error: 'sys/ia64/elf.h' file not found
#include <sys/ia64/elf.h>
         ^~~~~~~~~~~~~~~~
1 error generated.
make[1]: *** [CMakeFiles/cmTC_fff0d.dir/CheckIncludeFile.c.o] Error 1
make: *** [cmTC_fff0d/fast] Error 2


