The system is: Darwin - 18.5.0 - x86_64
Compiling the C compiler identification source file "CMakeCCompilerId.c" succeeded.
Compiler: /Applications/Xcode.app/Contents/Developer/Toolchains/XcodeDefault.xctoolchain/usr/bin/cc 
Build flags: 
Id flags:  

The output was:
0


Compilation of the C compiler identification source "CMakeCCompilerId.c" produced "a.out"

The C compiler identification is AppleClang, found in "/Users/seviezhou/Downloads/libdwarf-code-aafe188d1b8a2d50c4bdd1d8890980f0f5c65f84/build/CMakeFiles/3.12.1/CompilerIdC/a.out"

Compiling the CXX compiler identification source file "CMakeCXXCompilerId.cpp" succeeded.
Compiler: /Applications/Xcode.app/Contents/Developer/Toolchains/XcodeDefault.xctoolchain/usr/bin/c++ 
Build flags: 
Id flags:  

The output was:
0


Compilation of the CXX compiler identification source "CMakeCXXCompilerId.cpp" produced "a.out"

The CXX compiler identification is AppleClang, found in "/Users/seviezhou/Downloads/libdwarf-code-aafe188d1b8a2d50c4bdd1d8890980f0f5c65f84/build/CMakeFiles/3.12.1/CompilerIdCXX/a.out"

Determining if the C compiler works passed with the following output:
Change Dir: /Users/seviezhou/Downloads/libdwarf-code-aafe188d1b8a2d50c4bdd1d8890980f0f5c65f84/build/CMakeFiles/CMakeTmp

Run Build Command:"/usr/bin/make" "cmTC_426b7/fast"
/Applications/Xcode.app/Contents/Developer/usr/bin/make -f CMakeFiles/cmTC_426b7.dir/build.make CMakeFiles/cmTC_426b7.dir/build
Building C object CMakeFiles/cmTC_426b7.dir/testCCompiler.c.o
/Applications/Xcode.app/Contents/Developer/Toolchains/XcodeDefault.xctoolchain/usr/bin/cc    -o CMakeFiles/cmTC_426b7.dir/testCCompiler.c.o   -c /Users/seviezhou/Downloads/libdwarf-code-aafe188d1b8a2d50c4bdd1d8890980f0f5c65f84/build/CMakeFiles/CMakeTmp/testCCompiler.c
Linking C executable cmTC_426b7
/Applications/CMake.app/Contents/bin/cmake -E cmake_link_script CMakeFiles/cmTC_426b7.dir/link.txt --verbose=1
/Applications/Xcode.app/Contents/Developer/Toolchains/XcodeDefault.xctoolchain/usr/bin/cc   -Wl,-search_paths_first -Wl,-headerpad_max_install_names   CMakeFiles/cmTC_426b7.dir/testCCompiler.c.o  -o cmTC_426b7 


Detecting C compiler ABI info compiled with the following output:
Change Dir: /Users/seviezhou/Downloads/libdwarf-code-aafe188d1b8a2d50c4bdd1d8890980f0f5c65f84/build/CMakeFiles/CMakeTmp

Run Build Command:"/usr/bin/make" "cmTC_68f05/fast"
/Applications/Xcode.app/Contents/Developer/usr/bin/make -f CMakeFiles/cmTC_68f05.dir/build.make CMakeFiles/cmTC_68f05.dir/build
Building C object CMakeFiles/cmTC_68f05.dir/CMakeCCompilerABI.c.o
/Applications/Xcode.app/Contents/Developer/Toolchains/XcodeDefault.xctoolchain/usr/bin/cc    -o CMakeFiles/cmTC_68f05.dir/CMakeCCompilerABI.c.o   -c /Applications/CMake.app/Contents/share/cmake-3.12/Modules/CMakeCCompilerABI.c
Linking C executable cmTC_68f05
/Applications/CMake.app/Contents/bin/cmake -E cmake_link_script CMakeFiles/cmTC_68f05.dir/link.txt --verbose=1
/Applications/Xcode.app/Contents/Developer/Toolchains/XcodeDefault.xctoolchain/usr/bin/cc   -Wl,-search_paths_first -Wl,-headerpad_max_install_names  -v -Wl,-v CMakeFiles/cmTC_68f05.dir/CMakeCCompilerABI.c.o  -o cmTC_68f05 
Apple clang version 11.0.0 (clang-1100.0.33.8)
Target: x86_64-apple-darwin18.5.0
Thread model: posix
InstalledDir: /Applications/Xcode.app/Contents/Developer/Toolchains/XcodeDefault.xctoolchain/usr/bin
 "/Applications/Xcode.app/Contents/Developer/Toolchains/XcodeDefault.xctoolchain/usr/bin/ld" -demangle -lto_library /Applications/Xcode.app/Contents/Developer/Toolchains/XcodeDefault.xctoolchain/usr/lib/libLTO.dylib -dynamic -arch x86_64 -macosx_version_min 10.14.0 -o cmTC_68f05 -search_paths_first -headerpad_max_install_names -v CMakeFiles/cmTC_68f05.dir/CMakeCCompilerABI.c.o -lSystem /Applications/Xcode.app/Contents/Developer/Toolchains/XcodeDefault.xctoolchain/usr/lib/clang/11.0.0/lib/darwin/libclang_rt.osx.a
@(#)PROGRAM:ld  PROJECT:ld64-512.4
BUILD 14:16:54 Aug 26 2019
configured to support archs: armv6 armv7 armv7s arm64 arm64e arm64_32 i386 x86_64 x86_64h armv6m armv7k armv7m armv7em
Library search paths:
	/usr/lib
	/usr/local/lib
Framework search paths:
	/Library/Frameworks/
	/System/Library/Frameworks/


Parsed C implicit link information from above output:
  link line regex: [^( *|.*[/\])(ld|CMAKE_LINK_STARTFILE-NOTFOUND|([^/\]+-)?ld|collect2)[^/\]*( |$)]
  ignore line: [Change Dir: /Users/seviezhou/Downloads/libdwarf-code-aafe188d1b8a2d50c4bdd1d8890980f0f5c65f84/build/CMakeFiles/CMakeTmp]
  ignore line: []
  ignore line: [Run Build Command:"/usr/bin/make" "cmTC_68f05/fast"]
  ignore line: [/Applications/Xcode.app/Contents/Developer/usr/bin/make -f CMakeFiles/cmTC_68f05.dir/build.make CMakeFiles/cmTC_68f05.dir/build]
  ignore line: [Building C object CMakeFiles/cmTC_68f05.dir/CMakeCCompilerABI.c.o]
  ignore line: [/Applications/Xcode.app/Contents/Developer/Toolchains/XcodeDefault.xctoolchain/usr/bin/cc    -o CMakeFiles/cmTC_68f05.dir/CMakeCCompilerABI.c.o   -c /Applications/CMake.app/Contents/share/cmake-3.12/Modules/CMakeCCompilerABI.c]
  ignore line: [Linking C executable cmTC_68f05]
  ignore line: [/Applications/CMake.app/Contents/bin/cmake -E cmake_link_script CMakeFiles/cmTC_68f05.dir/link.txt --verbose=1]
  ignore line: [/Applications/Xcode.app/Contents/Developer/Toolchains/XcodeDefault.xctoolchain/usr/bin/cc   -Wl,-search_paths_first -Wl,-headerpad_max_install_names  -v -Wl,-v CMakeFiles/cmTC_68f05.dir/CMakeCCompilerABI.c.o  -o cmTC_68f05 ]
  ignore line: [Apple clang version 11.0.0 (clang-1100.0.33.8)]
  ignore line: [Target: x86_64-apple-darwin18.5.0]
  ignore line: [Thread model: posix]
  ignore line: [InstalledDir: /Applications/Xcode.app/Contents/Developer/Toolchains/XcodeDefault.xctoolchain/usr/bin]
  link line: [ "/Applications/Xcode.app/Contents/Developer/Toolchains/XcodeDefault.xctoolchain/usr/bin/ld" -demangle -lto_library /Applications/Xcode.app/Contents/Developer/Toolchains/XcodeDefault.xctoolchain/usr/lib/libLTO.dylib -dynamic -arch x86_64 -macosx_version_min 10.14.0 -o cmTC_68f05 -search_paths_first -headerpad_max_install_names -v CMakeFiles/cmTC_68f05.dir/CMakeCCompilerABI.c.o -lSystem /Applications/Xcode.app/Contents/Developer/Toolchains/XcodeDefault.xctoolchain/usr/lib/clang/11.0.0/lib/darwin/libclang_rt.osx.a]
    arg [/Applications/Xcode.app/Contents/Developer/Toolchains/XcodeDefault.xctoolchain/usr/bin/ld] ==> ignore
    arg [-demangle] ==> ignore
    arg [-lto_library] ==> ignore, skip following value
    arg [/Applications/Xcode.app/Contents/Developer/Toolchains/XcodeDefault.xctoolchain/usr/lib/libLTO.dylib] ==> skip value of -lto_library
    arg [-dynamic] ==> ignore
    arg [-arch] ==> ignore
    arg [x86_64] ==> ignore
    arg [-macosx_version_min] ==> ignore
    arg [10.14.0] ==> ignore
    arg [-o] ==> ignore
    arg [cmTC_68f05] ==> ignore
    arg [-search_paths_first] ==> ignore
    arg [-headerpad_max_install_names] ==> ignore
    arg [-v] ==> ignore
    arg [CMakeFiles/cmTC_68f05.dir/CMakeCCompilerABI.c.o] ==> ignore
    arg [-lSystem] ==> lib [System]
    arg [/Applications/Xcode.app/Contents/Developer/Toolchains/XcodeDefault.xctoolchain/usr/lib/clang/11.0.0/lib/darwin/libclang_rt.osx.a] ==> lib [/Applications/Xcode.app/Contents/Developer/Toolchains/XcodeDefault.xctoolchain/usr/lib/clang/11.0.0/lib/darwin/libclang_rt.osx.a]
  Library search paths: [;/usr/lib;/usr/local/lib]
  Framework search paths: [;/Library/Frameworks/;/System/Library/Frameworks/]
  remove lib [System]
  remove lib [/Applications/Xcode.app/Contents/Developer/Toolchains/XcodeDefault.xctoolchain/usr/lib/clang/11.0.0/lib/darwin/libclang_rt.osx.a]
  collapse library dir [/usr/lib] ==> [/usr/lib]
  collapse library dir [/usr/local/lib] ==> [/usr/local/lib]
  collapse framework dir [/Library/Frameworks/] ==> [/Library/Frameworks]
  collapse framework dir [/System/Library/Frameworks/] ==> [/System/Library/Frameworks]
  implicit libs: []
  implicit dirs: [/usr/lib;/usr/local/lib]
  implicit fwks: [/Library/Frameworks;/System/Library/Frameworks]




Detecting C [-std=c11] compiler features compiled with the following output:
Change Dir: /Users/seviezhou/Downloads/libdwarf-code-aafe188d1b8a2d50c4bdd1d8890980f0f5c65f84/build/CMakeFiles/CMakeTmp

Run Build Command:"/usr/bin/make" "cmTC_fa3ec/fast"
/Applications/Xcode.app/Contents/Developer/usr/bin/make -f CMakeFiles/cmTC_fa3ec.dir/build.make CMakeFiles/cmTC_fa3ec.dir/build
Building C object CMakeFiles/cmTC_fa3ec.dir/feature_tests.c.o
/Applications/Xcode.app/Contents/Developer/Toolchains/XcodeDefault.xctoolchain/usr/bin/cc   -std=c11 -o CMakeFiles/cmTC_fa3ec.dir/feature_tests.c.o   -c /Users/seviezhou/Downloads/libdwarf-code-aafe188d1b8a2d50c4bdd1d8890980f0f5c65f84/build/CMakeFiles/feature_tests.c
Linking C executable cmTC_fa3ec
/Applications/CMake.app/Contents/bin/cmake -E cmake_link_script CMakeFiles/cmTC_fa3ec.dir/link.txt --verbose=1
/Applications/Xcode.app/Contents/Developer/Toolchains/XcodeDefault.xctoolchain/usr/bin/cc   -Wl,-search_paths_first -Wl,-headerpad_max_install_names   CMakeFiles/cmTC_fa3ec.dir/feature_tests.c.o  -o cmTC_fa3ec 


    Feature record: C_FEATURE:1c_function_prototypes
    Feature record: C_FEATURE:1c_restrict
    Feature record: C_FEATURE:1c_static_assert
    Feature record: C_FEATURE:1c_variadic_macros


Detecting C [-std=c99] compiler features compiled with the following output:
Change Dir: /Users/seviezhou/Downloads/libdwarf-code-aafe188d1b8a2d50c4bdd1d8890980f0f5c65f84/build/CMakeFiles/CMakeTmp

Run Build Command:"/usr/bin/make" "cmTC_0707d/fast"
/Applications/Xcode.app/Contents/Developer/usr/bin/make -f CMakeFiles/cmTC_0707d.dir/build.make CMakeFiles/cmTC_0707d.dir/build
Building C object CMakeFiles/cmTC_0707d.dir/feature_tests.c.o
/Applications/Xcode.app/Contents/Developer/Toolchains/XcodeDefault.xctoolchain/usr/bin/cc   -std=c99 -o CMakeFiles/cmTC_0707d.dir/feature_tests.c.o   -c /Users/seviezhou/Downloads/libdwarf-code-aafe188d1b8a2d50c4bdd1d8890980f0f5c65f84/build/CMakeFiles/feature_tests.c
Linking C executable cmTC_0707d
/Applications/CMake.app/Contents/bin/cmake -E cmake_link_script CMakeFiles/cmTC_0707d.dir/link.txt --verbose=1
/Applications/Xcode.app/Contents/Developer/Toolchains/XcodeDefault.xctoolchain/usr/bin/cc   -Wl,-search_paths_first -Wl,-headerpad_max_install_names   CMakeFiles/cmTC_0707d.dir/feature_tests.c.o  -o cmTC_0707d 


    Feature record: C_FEATURE:1c_function_prototypes
    Feature record: C_FEATURE:1c_restrict
    Feature record: C_FEATURE:0c_static_assert
    Feature record: C_FEATURE:1c_variadic_macros


Detecting C [-std=c90] compiler features compiled with the following output:
Change Dir: /Users/seviezhou/Downloads/libdwarf-code-aafe188d1b8a2d50c4bdd1d8890980f0f5c65f84/build/CMakeFiles/CMakeTmp

Run Build Command:"/usr/bin/make" "cmTC_e3685/fast"
/Applications/Xcode.app/Contents/Developer/usr/bin/make -f CMakeFiles/cmTC_e3685.dir/build.make CMakeFiles/cmTC_e3685.dir/build
Building C object CMakeFiles/cmTC_e3685.dir/feature_tests.c.o
/Applications/Xcode.app/Contents/Developer/Toolchains/XcodeDefault.xctoolchain/usr/bin/cc   -std=c90 -o CMakeFiles/cmTC_e3685.dir/feature_tests.c.o   -c /Users/seviezhou/Downloads/libdwarf-code-aafe188d1b8a2d50c4bdd1d8890980f0f5c65f84/build/CMakeFiles/feature_tests.c
Linking C executable cmTC_e3685
/Applications/CMake.app/Contents/bin/cmake -E cmake_link_script CMakeFiles/cmTC_e3685.dir/link.txt --verbose=1
/Applications/Xcode.app/Contents/Developer/Toolchains/XcodeDefault.xctoolchain/usr/bin/cc   -Wl,-search_paths_first -Wl,-headerpad_max_install_names   CMakeFiles/cmTC_e3685.dir/feature_tests.c.o  -o cmTC_e3685 


    Feature record: C_FEATURE:1c_function_prototypes
    Feature record: C_FEATURE:0c_restrict
    Feature record: C_FEATURE:0c_static_assert
    Feature record: C_FEATURE:0c_variadic_macros
Determining if the CXX compiler works passed with the following output:
Change Dir: /Users/seviezhou/Downloads/libdwarf-code-aafe188d1b8a2d50c4bdd1d8890980f0f5c65f84/build/CMakeFiles/CMakeTmp

Run Build Command:"/usr/bin/make" "cmTC_f7954/fast"
/Applications/Xcode.app/Contents/Developer/usr/bin/make -f CMakeFiles/cmTC_f7954.dir/build.make CMakeFiles/cmTC_f7954.dir/build
Building CXX object CMakeFiles/cmTC_f7954.dir/testCXXCompiler.cxx.o
/Applications/Xcode.app/Contents/Developer/Toolchains/XcodeDefault.xctoolchain/usr/bin/c++     -o CMakeFiles/cmTC_f7954.dir/testCXXCompiler.cxx.o -c /Users/seviezhou/Downloads/libdwarf-code-aafe188d1b8a2d50c4bdd1d8890980f0f5c65f84/build/CMakeFiles/CMakeTmp/testCXXCompiler.cxx
Linking CXX executable cmTC_f7954
/Applications/CMake.app/Contents/bin/cmake -E cmake_link_script CMakeFiles/cmTC_f7954.dir/link.txt --verbose=1
/Applications/Xcode.app/Contents/Developer/Toolchains/XcodeDefault.xctoolchain/usr/bin/c++    -Wl,-search_paths_first -Wl,-headerpad_max_install_names   CMakeFiles/cmTC_f7954.dir/testCXXCompiler.cxx.o  -o cmTC_f7954 


Detecting CXX compiler ABI info compiled with the following output:
Change Dir: /Users/seviezhou/Downloads/libdwarf-code-aafe188d1b8a2d50c4bdd1d8890980f0f5c65f84/build/CMakeFiles/CMakeTmp

Run Build Command:"/usr/bin/make" "cmTC_bec0f/fast"
/Applications/Xcode.app/Contents/Developer/usr/bin/make -f CMakeFiles/cmTC_bec0f.dir/build.make CMakeFiles/cmTC_bec0f.dir/build
Building CXX object CMakeFiles/cmTC_bec0f.dir/CMakeCXXCompilerABI.cpp.o
/Applications/Xcode.app/Contents/Developer/Toolchains/XcodeDefault.xctoolchain/usr/bin/c++     -o CMakeFiles/cmTC_bec0f.dir/CMakeCXXCompilerABI.cpp.o -c /Applications/CMake.app/Contents/share/cmake-3.12/Modules/CMakeCXXCompilerABI.cpp
Linking CXX executable cmTC_bec0f
/Applications/CMake.app/Contents/bin/cmake -E cmake_link_script CMakeFiles/cmTC_bec0f.dir/link.txt --verbose=1
/Applications/Xcode.app/Contents/Developer/Toolchains/XcodeDefault.xctoolchain/usr/bin/c++    -Wl,-search_paths_first -Wl,-headerpad_max_install_names  -v -Wl,-v CMakeFiles/cmTC_bec0f.dir/CMakeCXXCompilerABI.cpp.o  -o cmTC_bec0f 
Apple clang version 11.0.0 (clang-1100.0.33.8)
Target: x86_64-apple-darwin18.5.0
Thread model: posix
InstalledDir: /Applications/Xcode.app/Contents/Developer/Toolchains/XcodeDefault.xctoolchain/usr/bin
 "/Applications/Xcode.app/Contents/Developer/Toolchains/XcodeDefault.xctoolchain/usr/bin/ld" -demangle -lto_library /Applications/Xcode.app/Contents/Developer/Toolchains/XcodeDefault.xctoolchain/usr/lib/libLTO.dylib -dynamic -arch x86_64 -macosx_version_min 10.14.0 -o cmTC_bec0f -search_paths_first -headerpad_max_install_names -v CMakeFiles/cmTC_bec0f.dir/CMakeCXXCompilerABI.cpp.o -lc++ -lSystem /Applications/Xcode.app/Contents/Developer/Toolchains/XcodeDefault.xctoolchain/usr/lib/clang/11.0.0/lib/darwin/libclang_rt.osx.a
@(#)PROGRAM:ld  PROJECT:ld64-512.4
BUILD 14:16:54 Aug 26 2019
configured to support archs: armv6 armv7 armv7s arm64 arm64e arm64_32 i386 x86_64 x86_64h armv6m armv7k armv7m armv7em
Library search paths:
	/usr/lib
	/usr/local/lib
Framework search paths:
	/Library/Frameworks/
	/System/Library/Frameworks/


Parsed CXX implicit link information from above output:
  link line regex: [^( *|.*[/\])(ld|CMAKE_LINK_STARTFILE-NOTFOUND|([^/\]+-)?ld|collect2)[^/\]*( |$)]
  ignore line: [Change Dir: /Users/seviezhou/Downloads/libdwarf-code-aafe188d1b8a2d50c4bdd1d8890980f0f5c65f84/build/CMakeFiles/CMakeTmp]
  ignore line: []
  ignore line: [Run Build Command:"/usr/bin/make" "cmTC_bec0f/fast"]
  ignore line: [/Applications/Xcode.app/Contents/Developer/usr/bin/make -f CMakeFiles/cmTC_bec0f.dir/build.make CMakeFiles/cmTC_bec0f.dir/build]
  ignore line: [Building CXX object CMakeFiles/cmTC_bec0f.dir/CMakeCXXCompilerABI.cpp.o]
  ignore line: [/Applications/Xcode.app/Contents/Developer/Toolchains/XcodeDefault.xctoolchain/usr/bin/c++     -o CMakeFiles/cmTC_bec0f.dir/CMakeCXXCompilerABI.cpp.o -c /Applications/CMake.app/Contents/share/cmake-3.12/Modules/CMakeCXXCompilerABI.cpp]
  ignore line: [Linking CXX executable cmTC_bec0f]
  ignore line: [/Applications/CMake.app/Contents/bin/cmake -E cmake_link_script CMakeFiles/cmTC_bec0f.dir/link.txt --verbose=1]
  ignore line: [/Applications/Xcode.app/Contents/Developer/Toolchains/XcodeDefault.xctoolchain/usr/bin/c++    -Wl,-search_paths_first -Wl,-headerpad_max_install_names  -v -Wl,-v CMakeFiles/cmTC_bec0f.dir/CMakeCXXCompilerABI.cpp.o  -o cmTC_bec0f ]
  ignore line: [Apple clang version 11.0.0 (clang-1100.0.33.8)]
  ignore line: [Target: x86_64-apple-darwin18.5.0]
  ignore line: [Thread model: posix]
  ignore line: [InstalledDir: /Applications/Xcode.app/Contents/Developer/Toolchains/XcodeDefault.xctoolchain/usr/bin]
  link line: [ "/Applications/Xcode.app/Contents/Developer/Toolchains/XcodeDefault.xctoolchain/usr/bin/ld" -demangle -lto_library /Applications/Xcode.app/Contents/Developer/Toolchains/XcodeDefault.xctoolchain/usr/lib/libLTO.dylib -dynamic -arch x86_64 -macosx_version_min 10.14.0 -o cmTC_bec0f -search_paths_first -headerpad_max_install_names -v CMakeFiles/cmTC_bec0f.dir/CMakeCXXCompilerABI.cpp.o -lc++ -lSystem /Applications/Xcode.app/Contents/Developer/Toolchains/XcodeDefault.xctoolchain/usr/lib/clang/11.0.0/lib/darwin/libclang_rt.osx.a]
    arg [/Applications/Xcode.app/Contents/Developer/Toolchains/XcodeDefault.xctoolchain/usr/bin/ld] ==> ignore
    arg [-demangle] ==> ignore
    arg [-lto_library] ==> ignore, skip following value
    arg [/Applications/Xcode.app/Contents/Developer/Toolchains/XcodeDefault.xctoolchain/usr/lib/libLTO.dylib] ==> skip value of -lto_library
    arg [-dynamic] ==> ignore
    arg [-arch] ==> ignore
    arg [x86_64] ==> ignore
    arg [-macosx_version_min] ==> ignore
    arg [10.14.0] ==> ignore
    arg [-o] ==> ignore
    arg [cmTC_bec0f] ==> ignore
    arg [-search_paths_first] ==> ignore
    arg [-headerpad_max_install_names] ==> ignore
    arg [-v] ==> ignore
    arg [CMakeFiles/cmTC_bec0f.dir/CMakeCXXCompilerABI.cpp.o] ==> ignore
    arg [-lc++] ==> lib [c++]
    arg [-lSystem] ==> lib [System]
    arg [/Applications/Xcode.app/Contents/Developer/Toolchains/XcodeDefault.xctoolchain/usr/lib/clang/11.0.0/lib/darwin/libclang_rt.osx.a] ==> lib [/Applications/Xcode.app/Contents/Developer/Toolchains/XcodeDefault.xctoolchain/usr/lib/clang/11.0.0/lib/darwin/libclang_rt.osx.a]
  Library search paths: [;/usr/lib;/usr/local/lib]
  Framework search paths: [;/Library/Frameworks/;/System/Library/Frameworks/]
  remove lib [System]
  remove lib [/Applications/Xcode.app/Contents/Developer/Toolchains/XcodeDefault.xctoolchain/usr/lib/clang/11.0.0/lib/darwin/libclang_rt.osx.a]
  collapse library dir [/usr/lib] ==> [/usr/lib]
  collapse library dir [/usr/local/lib] ==> [/usr/local/lib]
  collapse framework dir [/Library/Frameworks/] ==> [/Library/Frameworks]
  collapse framework dir [/System/Library/Frameworks/] ==> [/System/Library/Frameworks]
  implicit libs: [c++]
  implicit dirs: [/usr/lib;/usr/local/lib]
  implicit fwks: [/Library/Frameworks;/System/Library/Frameworks]




Detecting CXX [-std=c++1z] compiler features compiled with the following output:
Change Dir: /Users/seviezhou/Downloads/libdwarf-code-aafe188d1b8a2d50c4bdd1d8890980f0f5c65f84/build/CMakeFiles/CMakeTmp

Run Build Command:"/usr/bin/make" "cmTC_7c380/fast"
/Applications/Xcode.app/Contents/Developer/usr/bin/make -f CMakeFiles/cmTC_7c380.dir/build.make CMakeFiles/cmTC_7c380.dir/build
Building CXX object CMakeFiles/cmTC_7c380.dir/feature_tests.cxx.o
/Applications/Xcode.app/Contents/Developer/Toolchains/XcodeDefault.xctoolchain/usr/bin/c++    -std=c++1z -o CMakeFiles/cmTC_7c380.dir/feature_tests.cxx.o -c /Users/seviezhou/Downloads/libdwarf-code-aafe188d1b8a2d50c4bdd1d8890980f0f5c65f84/build/CMakeFiles/feature_tests.cxx
Linking CXX executable cmTC_7c380
/Applications/CMake.app/Contents/bin/cmake -E cmake_link_script CMakeFiles/cmTC_7c380.dir/link.txt --verbose=1
/Applications/Xcode.app/Contents/Developer/Toolchains/XcodeDefault.xctoolchain/usr/bin/c++    -Wl,-search_paths_first -Wl,-headerpad_max_install_names   CMakeFiles/cmTC_7c380.dir/feature_tests.cxx.o  -o cmTC_7c380 


    Feature record: CXX_FEATURE:1cxx_aggregate_default_initializers
    Feature record: CXX_FEATURE:1cxx_alias_templates
    Feature record: CXX_FEATURE:1cxx_alignas
    Feature record: CXX_FEATURE:1cxx_alignof
    Feature record: CXX_FEATURE:1cxx_attributes
    Feature record: CXX_FEATURE:1cxx_attribute_deprecated
    Feature record: CXX_FEATURE:1cxx_auto_type
    Feature record: CXX_FEATURE:1cxx_binary_literals
    Feature record: CXX_FEATURE:1cxx_constexpr
    Feature record: CXX_FEATURE:1cxx_contextual_conversions
    Feature record: CXX_FEATURE:1cxx_decltype
    Feature record: CXX_FEATURE:1cxx_decltype_auto
    Feature record: CXX_FEATURE:1cxx_decltype_incomplete_return_types
    Feature record: CXX_FEATURE:1cxx_default_function_template_args
    Feature record: CXX_FEATURE:1cxx_defaulted_functions
    Feature record: CXX_FEATURE:1cxx_defaulted_move_initializers
    Feature record: CXX_FEATURE:1cxx_delegating_constructors
    Feature record: CXX_FEATURE:1cxx_deleted_functions
    Feature record: CXX_FEATURE:1cxx_digit_separators
    Feature record: CXX_FEATURE:1cxx_enum_forward_declarations
    Feature record: CXX_FEATURE:1cxx_explicit_conversions
    Feature record: CXX_FEATURE:1cxx_extended_friend_declarations
    Feature record: CXX_FEATURE:1cxx_extern_templates
    Feature record: CXX_FEATURE:1cxx_final
    Feature record: CXX_FEATURE:1cxx_func_identifier
    Feature record: CXX_FEATURE:1cxx_generalized_initializers
    Feature record: CXX_FEATURE:1cxx_generic_lambdas
    Feature record: CXX_FEATURE:1cxx_inheriting_constructors
    Feature record: CXX_FEATURE:1cxx_inline_namespaces
    Feature record: CXX_FEATURE:1cxx_lambdas
    Feature record: CXX_FEATURE:1cxx_lambda_init_captures
    Feature record: CXX_FEATURE:1cxx_local_type_template_args
    Feature record: CXX_FEATURE:1cxx_long_long_type
    Feature record: CXX_FEATURE:1cxx_noexcept
    Feature record: CXX_FEATURE:1cxx_nonstatic_member_init
    Feature record: CXX_FEATURE:1cxx_nullptr
    Feature record: CXX_FEATURE:1cxx_override
    Feature record: CXX_FEATURE:1cxx_range_for
    Feature record: CXX_FEATURE:1cxx_raw_string_literals
    Feature record: CXX_FEATURE:1cxx_reference_qualified_functions
    Feature record: CXX_FEATURE:1cxx_relaxed_constexpr
    Feature record: CXX_FEATURE:1cxx_return_type_deduction
    Feature record: CXX_FEATURE:1cxx_right_angle_brackets
    Feature record: CXX_FEATURE:1cxx_rvalue_references
    Feature record: CXX_FEATURE:1cxx_sizeof_member
    Feature record: CXX_FEATURE:1cxx_static_assert
    Feature record: CXX_FEATURE:1cxx_strong_enums
    Feature record: CXX_FEATURE:1cxx_template_template_parameters
    Feature record: CXX_FEATURE:1cxx_thread_local
    Feature record: CXX_FEATURE:1cxx_trailing_return_types
    Feature record: CXX_FEATURE:1cxx_unicode_literals
    Feature record: CXX_FEATURE:1cxx_uniform_initialization
    Feature record: CXX_FEATURE:1cxx_unrestricted_unions
    Feature record: CXX_FEATURE:1cxx_user_literals
    Feature record: CXX_FEATURE:1cxx_variable_templates
    Feature record: CXX_FEATURE:1cxx_variadic_macros
    Feature record: CXX_FEATURE:1cxx_variadic_templates


Detecting CXX [-std=c++14] compiler features compiled with the following output:
Change Dir: /Users/seviezhou/Downloads/libdwarf-code-aafe188d1b8a2d50c4bdd1d8890980f0f5c65f84/build/CMakeFiles/CMakeTmp

Run Build Command:"/usr/bin/make" "cmTC_28358/fast"
/Applications/Xcode.app/Contents/Developer/usr/bin/make -f CMakeFiles/cmTC_28358.dir/build.make CMakeFiles/cmTC_28358.dir/build
Building CXX object CMakeFiles/cmTC_28358.dir/feature_tests.cxx.o
/Applications/Xcode.app/Contents/Developer/Toolchains/XcodeDefault.xctoolchain/usr/bin/c++    -std=c++14 -o CMakeFiles/cmTC_28358.dir/feature_tests.cxx.o -c /Users/seviezhou/Downloads/libdwarf-code-aafe188d1b8a2d50c4bdd1d8890980f0f5c65f84/build/CMakeFiles/feature_tests.cxx
Linking CXX executable cmTC_28358
/Applications/CMake.app/Contents/bin/cmake -E cmake_link_script CMakeFiles/cmTC_28358.dir/link.txt --verbose=1
/Applications/Xcode.app/Contents/Developer/Toolchains/XcodeDefault.xctoolchain/usr/bin/c++    -Wl,-search_paths_first -Wl,-headerpad_max_install_names   CMakeFiles/cmTC_28358.dir/feature_tests.cxx.o  -o cmTC_28358 


    Feature record: CXX_FEATURE:1cxx_aggregate_default_initializers
    Feature record: CXX_FEATURE:1cxx_alias_templates
    Feature record: CXX_FEATURE:1cxx_alignas
    Feature record: CXX_FEATURE:1cxx_alignof
    Feature record: CXX_FEATURE:1cxx_attributes
    Feature record: CXX_FEATURE:1cxx_attribute_deprecated
    Feature record: CXX_FEATURE:1cxx_auto_type
    Feature record: CXX_FEATURE:1cxx_binary_literals
    Feature record: CXX_FEATURE:1cxx_constexpr
    Feature record: CXX_FEATURE:1cxx_contextual_conversions
    Feature record: CXX_FEATURE:1cxx_decltype
    Feature record: CXX_FEATURE:1cxx_decltype_auto
    Feature record: CXX_FEATURE:1cxx_decltype_incomplete_return_types
    Feature record: CXX_FEATURE:1cxx_default_function_template_args
    Feature record: CXX_FEATURE:1cxx_defaulted_functions
    Feature record: CXX_FEATURE:1cxx_defaulted_move_initializers
    Feature record: CXX_FEATURE:1cxx_delegating_constructors
    Feature record: CXX_FEATURE:1cxx_deleted_functions
    Feature record: CXX_FEATURE:1cxx_digit_separators
    Feature record: CXX_FEATURE:1cxx_enum_forward_declarations
    Feature record: CXX_FEATURE:1cxx_explicit_conversions
    Feature record: CXX_FEATURE:1cxx_extended_friend_declarations
    Feature record: CXX_FEATURE:1cxx_extern_templates
    Feature record: CXX_FEATURE:1cxx_final
    Feature record: CXX_FEATURE:1cxx_func_identifier
    Feature record: CXX_FEATURE:1cxx_generalized_initializers
    Feature record: CXX_FEATURE:1cxx_generic_lambdas
    Feature record: CXX_FEATURE:1cxx_inheriting_constructors
    Feature record: CXX_FEATURE:1cxx_inline_namespaces
    Feature record: CXX_FEATURE:1cxx_lambdas
    Feature record: CXX_FEATURE:1cxx_lambda_init_captures
    Feature record: CXX_FEATURE:1cxx_local_type_template_args
    Feature record: CXX_FEATURE:1cxx_long_long_type
    Feature record: CXX_FEATURE:1cxx_noexcept
    Feature record: CXX_FEATURE:1cxx_nonstatic_member_init
    Feature record: CXX_FEATURE:1cxx_nullptr
    Feature record: CXX_FEATURE:1cxx_override
    Feature record: CXX_FEATURE:1cxx_range_for
    Feature record: CXX_FEATURE:1cxx_raw_string_literals
    Feature record: CXX_FEATURE:1cxx_reference_qualified_functions
    Feature record: CXX_FEATURE:1cxx_relaxed_constexpr
    Feature record: CXX_FEATURE:1cxx_return_type_deduction
    Feature record: CXX_FEATURE:1cxx_right_angle_brackets
    Feature record: CXX_FEATURE:1cxx_rvalue_references
    Feature record: CXX_FEATURE:1cxx_sizeof_member
    Feature record: CXX_FEATURE:1cxx_static_assert
    Feature record: CXX_FEATURE:1cxx_strong_enums
    Feature record: CXX_FEATURE:1cxx_template_template_parameters
    Feature record: CXX_FEATURE:1cxx_thread_local
    Feature record: CXX_FEATURE:1cxx_trailing_return_types
    Feature record: CXX_FEATURE:1cxx_unicode_literals
    Feature record: CXX_FEATURE:1cxx_uniform_initialization
    Feature record: CXX_FEATURE:1cxx_unrestricted_unions
    Feature record: CXX_FEATURE:1cxx_user_literals
    Feature record: CXX_FEATURE:1cxx_variable_templates
    Feature record: CXX_FEATURE:1cxx_variadic_macros
    Feature record: CXX_FEATURE:1cxx_variadic_templates


Detecting CXX [-std=c++11] compiler features compiled with the following output:
Change Dir: /Users/seviezhou/Downloads/libdwarf-code-aafe188d1b8a2d50c4bdd1d8890980f0f5c65f84/build/CMakeFiles/CMakeTmp

Run Build Command:"/usr/bin/make" "cmTC_8cf83/fast"
/Applications/Xcode.app/Contents/Developer/usr/bin/make -f CMakeFiles/cmTC_8cf83.dir/build.make CMakeFiles/cmTC_8cf83.dir/build
Building CXX object CMakeFiles/cmTC_8cf83.dir/feature_tests.cxx.o
/Applications/Xcode.app/Contents/Developer/Toolchains/XcodeDefault.xctoolchain/usr/bin/c++    -std=c++11 -o CMakeFiles/cmTC_8cf83.dir/feature_tests.cxx.o -c /Users/seviezhou/Downloads/libdwarf-code-aafe188d1b8a2d50c4bdd1d8890980f0f5c65f84/build/CMakeFiles/feature_tests.cxx
Linking CXX executable cmTC_8cf83
/Applications/CMake.app/Contents/bin/cmake -E cmake_link_script CMakeFiles/cmTC_8cf83.dir/link.txt --verbose=1
/Applications/Xcode.app/Contents/Developer/Toolchains/XcodeDefault.xctoolchain/usr/bin/c++    -Wl,-search_paths_first -Wl,-headerpad_max_install_names   CMakeFiles/cmTC_8cf83.dir/feature_tests.cxx.o  -o cmTC_8cf83 


    Feature record: CXX_FEATURE:0cxx_aggregate_default_initializers
    Feature record: CXX_FEATURE:1cxx_alias_templates
    Feature record: CXX_FEATURE:1cxx_alignas
    Feature record: CXX_FEATURE:1cxx_alignof
    Feature record: CXX_FEATURE:1cxx_attributes
    Feature record: CXX_FEATURE:0cxx_attribute_deprecated
    Feature record: CXX_FEATURE:1cxx_auto_type
    Feature record: CXX_FEATURE:0cxx_binary_literals
    Feature record: CXX_FEATURE:1cxx_constexpr
    Feature record: CXX_FEATURE:0cxx_contextual_conversions
    Feature record: CXX_FEATURE:1cxx_decltype
    Feature record: CXX_FEATURE:0cxx_decltype_auto
    Feature record: CXX_FEATURE:1cxx_decltype_incomplete_return_types
    Feature record: CXX_FEATURE:1cxx_default_function_template_args
    Feature record: CXX_FEATURE:1cxx_defaulted_functions
    Feature record: CXX_FEATURE:1cxx_defaulted_move_initializers
    Feature record: CXX_FEATURE:1cxx_delegating_constructors
    Feature record: CXX_FEATURE:1cxx_deleted_functions
    Feature record: CXX_FEATURE:0cxx_digit_separators
    Feature record: CXX_FEATURE:1cxx_enum_forward_declarations
    Feature record: CXX_FEATURE:1cxx_explicit_conversions
    Feature record: CXX_FEATURE:1cxx_extended_friend_declarations
    Feature record: CXX_FEATURE:1cxx_extern_templates
    Feature record: CXX_FEATURE:1cxx_final
    Feature record: CXX_FEATURE:1cxx_func_identifier
    Feature record: CXX_FEATURE:1cxx_generalized_initializers
    Feature record: CXX_FEATURE:0cxx_generic_lambdas
    Feature record: CXX_FEATURE:1cxx_inheriting_constructors
    Feature record: CXX_FEATURE:1cxx_inline_namespaces
    Feature record: CXX_FEATURE:1cxx_lambdas
    Feature record: CXX_FEATURE:0cxx_lambda_init_captures
    Feature record: CXX_FEATURE:1cxx_local_type_template_args
    Feature record: CXX_FEATURE:1cxx_long_long_type
    Feature record: CXX_FEATURE:1cxx_noexcept
    Feature record: CXX_FEATURE:1cxx_nonstatic_member_init
    Feature record: CXX_FEATURE:1cxx_nullptr
    Feature record: CXX_FEATURE:1cxx_override
    Feature record: CXX_FEATURE:1cxx_range_for
    Feature record: CXX_FEATURE:1cxx_raw_string_literals
    Feature record: CXX_FEATURE:1cxx_reference_qualified_functions
    Feature record: CXX_FEATURE:0cxx_relaxed_constexpr
    Feature record: CXX_FEATURE:0cxx_return_type_deduction
    Feature record: CXX_FEATURE:1cxx_right_angle_brackets
    Feature record: CXX_FEATURE:1cxx_rvalue_references
    Feature record: CXX_FEATURE:1cxx_sizeof_member
    Feature record: CXX_FEATURE:1cxx_static_assert
    Feature record: CXX_FEATURE:1cxx_strong_enums
    Feature record: CXX_FEATURE:1cxx_template_template_parameters
    Feature record: CXX_FEATURE:1cxx_thread_local
    Feature record: CXX_FEATURE:1cxx_trailing_return_types
    Feature record: CXX_FEATURE:1cxx_unicode_literals
    Feature record: CXX_FEATURE:1cxx_uniform_initialization
    Feature record: CXX_FEATURE:1cxx_unrestricted_unions
    Feature record: CXX_FEATURE:1cxx_user_literals
    Feature record: CXX_FEATURE:0cxx_variable_templates
    Feature record: CXX_FEATURE:1cxx_variadic_macros
    Feature record: CXX_FEATURE:1cxx_variadic_templates


Detecting CXX [-std=c++98] compiler features compiled with the following output:
Change Dir: /Users/seviezhou/Downloads/libdwarf-code-aafe188d1b8a2d50c4bdd1d8890980f0f5c65f84/build/CMakeFiles/CMakeTmp

Run Build Command:"/usr/bin/make" "cmTC_6b60c/fast"
/Applications/Xcode.app/Contents/Developer/usr/bin/make -f CMakeFiles/cmTC_6b60c.dir/build.make CMakeFiles/cmTC_6b60c.dir/build
Building CXX object CMakeFiles/cmTC_6b60c.dir/feature_tests.cxx.o
/Applications/Xcode.app/Contents/Developer/Toolchains/XcodeDefault.xctoolchain/usr/bin/c++    -std=c++98 -o CMakeFiles/cmTC_6b60c.dir/feature_tests.cxx.o -c /Users/seviezhou/Downloads/libdwarf-code-aafe188d1b8a2d50c4bdd1d8890980f0f5c65f84/build/CMakeFiles/feature_tests.cxx
Linking CXX executable cmTC_6b60c
/Applications/CMake.app/Contents/bin/cmake -E cmake_link_script CMakeFiles/cmTC_6b60c.dir/link.txt --verbose=1
/Applications/Xcode.app/Contents/Developer/Toolchains/XcodeDefault.xctoolchain/usr/bin/c++    -Wl,-search_paths_first -Wl,-headerpad_max_install_names   CMakeFiles/cmTC_6b60c.dir/feature_tests.cxx.o  -o cmTC_6b60c 


    Feature record: CXX_FEATURE:0cxx_aggregate_default_initializers
    Feature record: CXX_FEATURE:0cxx_alias_templates
    Feature record: CXX_FEATURE:0cxx_alignas
    Feature record: CXX_FEATURE:0cxx_alignof
    Feature record: CXX_FEATURE:0cxx_attributes
    Feature record: CXX_FEATURE:0cxx_attribute_deprecated
    Feature record: CXX_FEATURE:0cxx_auto_type
    Feature record: CXX_FEATURE:0cxx_binary_literals
    Feature record: CXX_FEATURE:0cxx_constexpr
    Feature record: CXX_FEATURE:0cxx_contextual_conversions
    Feature record: CXX_FEATURE:0cxx_decltype
    Feature record: CXX_FEATURE:0cxx_decltype_auto
    Feature record: CXX_FEATURE:0cxx_decltype_incomplete_return_types
    Feature record: CXX_FEATURE:0cxx_default_function_template_args
    Feature record: CXX_FEATURE:0cxx_defaulted_functions
    Feature record: CXX_FEATURE:0cxx_defaulted_move_initializers
    Feature record: CXX_FEATURE:0cxx_delegating_constructors
    Feature record: CXX_FEATURE:0cxx_deleted_functions
    Feature record: CXX_FEATURE:0cxx_digit_separators
    Feature record: CXX_FEATURE:0cxx_enum_forward_declarations
    Feature record: CXX_FEATURE:0cxx_explicit_conversions
    Feature record: CXX_FEATURE:0cxx_extended_friend_declarations
    Feature record: CXX_FEATURE:0cxx_extern_templates
    Feature record: CXX_FEATURE:0cxx_final
    Feature record: CXX_FEATURE:0cxx_func_identifier
    Feature record: CXX_FEATURE:0cxx_generalized_initializers
    Feature record: CXX_FEATURE:0cxx_generic_lambdas
    Feature record: CXX_FEATURE:0cxx_inheriting_constructors
    Feature record: CXX_FEATURE:0cxx_inline_namespaces
    Feature record: CXX_FEATURE:0cxx_lambdas
    Feature record: CXX_FEATURE:0cxx_lambda_init_captures
    Feature record: CXX_FEATURE:0cxx_local_type_template_args
    Feature record: CXX_FEATURE:0cxx_long_long_type
    Feature record: CXX_FEATURE:0cxx_noexcept
    Feature record: CXX_FEATURE:0cxx_nonstatic_member_init
    Feature record: CXX_FEATURE:0cxx_nullptr
    Feature record: CXX_FEATURE:0cxx_override
    Feature record: CXX_FEATURE:0cxx_range_for
    Feature record: CXX_FEATURE:0cxx_raw_string_literals
    Feature record: CXX_FEATURE:0cxx_reference_qualified_functions
    Feature record: CXX_FEATURE:0cxx_relaxed_constexpr
    Feature record: CXX_FEATURE:0cxx_return_type_deduction
    Feature record: CXX_FEATURE:0cxx_right_angle_brackets
    Feature record: CXX_FEATURE:0cxx_rvalue_references
    Feature record: CXX_FEATURE:0cxx_sizeof_member
    Feature record: CXX_FEATURE:0cxx_static_assert
    Feature record: CXX_FEATURE:0cxx_strong_enums
    Feature record: CXX_FEATURE:1cxx_template_template_parameters
    Feature record: CXX_FEATURE:0cxx_thread_local
    Feature record: CXX_FEATURE:0cxx_trailing_return_types
    Feature record: CXX_FEATURE:0cxx_unicode_literals
    Feature record: CXX_FEATURE:0cxx_uniform_initialization
    Feature record: CXX_FEATURE:0cxx_unrestricted_unions
    Feature record: CXX_FEATURE:0cxx_user_literals
    Feature record: CXX_FEATURE:0cxx_variable_templates
    Feature record: CXX_FEATURE:0cxx_variadic_macros
    Feature record: CXX_FEATURE:0cxx_variadic_templates
Determining if the include file sys/types.h exists passed with the following output:
Change Dir: /Users/seviezhou/Downloads/libdwarf-code-aafe188d1b8a2d50c4bdd1d8890980f0f5c65f84/build/CMakeFiles/CMakeTmp

Run Build Command:"/usr/bin/make" "cmTC_44abd/fast"
/Applications/Xcode.app/Contents/Developer/usr/bin/make -f CMakeFiles/cmTC_44abd.dir/build.make CMakeFiles/cmTC_44abd.dir/build
Building C object CMakeFiles/cmTC_44abd.dir/CheckIncludeFile.c.o
/Applications/Xcode.app/Contents/Developer/Toolchains/XcodeDefault.xctoolchain/usr/bin/cc    -o CMakeFiles/cmTC_44abd.dir/CheckIncludeFile.c.o   -c /Users/seviezhou/Downloads/libdwarf-code-aafe188d1b8a2d50c4bdd1d8890980f0f5c65f84/build/CMakeFiles/CMakeTmp/CheckIncludeFile.c
Linking C executable cmTC_44abd
/Applications/CMake.app/Contents/bin/cmake -E cmake_link_script CMakeFiles/cmTC_44abd.dir/link.txt --verbose=1
/Applications/Xcode.app/Contents/Developer/Toolchains/XcodeDefault.xctoolchain/usr/bin/cc   -Wl,-search_paths_first -Wl,-headerpad_max_install_names   CMakeFiles/cmTC_44abd.dir/CheckIncludeFile.c.o  -o cmTC_44abd 


Determining if the include file stdint.h exists passed with the following output:
Change Dir: /Users/seviezhou/Downloads/libdwarf-code-aafe188d1b8a2d50c4bdd1d8890980f0f5c65f84/build/CMakeFiles/CMakeTmp

Run Build Command:"/usr/bin/make" "cmTC_0d6b0/fast"
/Applications/Xcode.app/Contents/Developer/usr/bin/make -f CMakeFiles/cmTC_0d6b0.dir/build.make CMakeFiles/cmTC_0d6b0.dir/build
Building C object CMakeFiles/cmTC_0d6b0.dir/CheckIncludeFile.c.o
/Applications/Xcode.app/Contents/Developer/Toolchains/XcodeDefault.xctoolchain/usr/bin/cc    -o CMakeFiles/cmTC_0d6b0.dir/CheckIncludeFile.c.o   -c /Users/seviezhou/Downloads/libdwarf-code-aafe188d1b8a2d50c4bdd1d8890980f0f5c65f84/build/CMakeFiles/CMakeTmp/CheckIncludeFile.c
Linking C executable cmTC_0d6b0
/Applications/CMake.app/Contents/bin/cmake -E cmake_link_script CMakeFiles/cmTC_0d6b0.dir/link.txt --verbose=1
/Applications/Xcode.app/Contents/Developer/Toolchains/XcodeDefault.xctoolchain/usr/bin/cc   -Wl,-search_paths_first -Wl,-headerpad_max_install_names   CMakeFiles/cmTC_0d6b0.dir/CheckIncludeFile.c.o  -o cmTC_0d6b0 


Determining if the include file stddef.h exists passed with the following output:
Change Dir: /Users/seviezhou/Downloads/libdwarf-code-aafe188d1b8a2d50c4bdd1d8890980f0f5c65f84/build/CMakeFiles/CMakeTmp

Run Build Command:"/usr/bin/make" "cmTC_44714/fast"
/Applications/Xcode.app/Contents/Developer/usr/bin/make -f CMakeFiles/cmTC_44714.dir/build.make CMakeFiles/cmTC_44714.dir/build
Building C object CMakeFiles/cmTC_44714.dir/CheckIncludeFile.c.o
/Applications/Xcode.app/Contents/Developer/Toolchains/XcodeDefault.xctoolchain/usr/bin/cc    -o CMakeFiles/cmTC_44714.dir/CheckIncludeFile.c.o   -c /Users/seviezhou/Downloads/libdwarf-code-aafe188d1b8a2d50c4bdd1d8890980f0f5c65f84/build/CMakeFiles/CMakeTmp/CheckIncludeFile.c
Linking C executable cmTC_44714
/Applications/CMake.app/Contents/bin/cmake -E cmake_link_script CMakeFiles/cmTC_44714.dir/link.txt --verbose=1
/Applications/Xcode.app/Contents/Developer/Toolchains/XcodeDefault.xctoolchain/usr/bin/cc   -Wl,-search_paths_first -Wl,-headerpad_max_install_names   CMakeFiles/cmTC_44714.dir/CheckIncludeFile.c.o  -o cmTC_44714 


Determining size of unsigned short passed with the following output:
Change Dir: /Users/seviezhou/Downloads/libdwarf-code-aafe188d1b8a2d50c4bdd1d8890980f0f5c65f84/build/CMakeFiles/CMakeTmp

Run Build Command:"/usr/bin/make" "cmTC_756a0/fast"
/Applications/Xcode.app/Contents/Developer/usr/bin/make -f CMakeFiles/cmTC_756a0.dir/build.make CMakeFiles/cmTC_756a0.dir/build
Building C object CMakeFiles/cmTC_756a0.dir/CMAKE_SIZEOF_UNSIGNED_SHORT.c.o
/Applications/Xcode.app/Contents/Developer/Toolchains/XcodeDefault.xctoolchain/usr/bin/cc    -o CMakeFiles/cmTC_756a0.dir/CMAKE_SIZEOF_UNSIGNED_SHORT.c.o   -c /Users/seviezhou/Downloads/libdwarf-code-aafe188d1b8a2d50c4bdd1d8890980f0f5c65f84/build/CMakeFiles/CheckTypeSize/CMAKE_SIZEOF_UNSIGNED_SHORT.c
Linking C executable cmTC_756a0
/Applications/CMake.app/Contents/bin/cmake -E cmake_link_script CMakeFiles/cmTC_756a0.dir/link.txt --verbose=1
/Applications/Xcode.app/Contents/Developer/Toolchains/XcodeDefault.xctoolchain/usr/bin/cc   -Wl,-search_paths_first -Wl,-headerpad_max_install_names   CMakeFiles/cmTC_756a0.dir/CMAKE_SIZEOF_UNSIGNED_SHORT.c.o  -o cmTC_756a0 


Determining if the system is big endian passed with the following output:
Change Dir: /Users/seviezhou/Downloads/libdwarf-code-aafe188d1b8a2d50c4bdd1d8890980f0f5c65f84/build/CMakeFiles/CMakeTmp

Run Build Command:"/usr/bin/make" "cmTC_4280c/fast"
/Applications/Xcode.app/Contents/Developer/usr/bin/make -f CMakeFiles/cmTC_4280c.dir/build.make CMakeFiles/cmTC_4280c.dir/build
Building C object CMakeFiles/cmTC_4280c.dir/TestEndianess.c.o
/Applications/Xcode.app/Contents/Developer/Toolchains/XcodeDefault.xctoolchain/usr/bin/cc    -o CMakeFiles/cmTC_4280c.dir/TestEndianess.c.o   -c /Users/seviezhou/Downloads/libdwarf-code-aafe188d1b8a2d50c4bdd1d8890980f0f5c65f84/build/CMakeFiles/CMakeTmp/TestEndianess.c
Linking C executable cmTC_4280c
/Applications/CMake.app/Contents/bin/cmake -E cmake_link_script CMakeFiles/cmTC_4280c.dir/link.txt --verbose=1
/Applications/Xcode.app/Contents/Developer/Toolchains/XcodeDefault.xctoolchain/usr/bin/cc   -Wl,-search_paths_first -Wl,-headerpad_max_install_names   CMakeFiles/cmTC_4280c.dir/TestEndianess.c.o  -o cmTC_4280c 

TestEndianess.c:
/* A 16 bit integer is required. */
typedef unsigned short cmakeint16;

/* On a little endian machine, these 16bit ints will give "THIS IS LITTLE ENDIAN."
   On a big endian machine the characters will be exchanged pairwise. */
const cmakeint16 info_little[] =  {0x4854, 0x5349, 0x4920, 0x2053, 0x494c, 0x5454, 0x454c, 0x4520, 0x444e, 0x4149, 0x2e4e, 0x0000};

/* on a big endian machine, these 16bit ints will give "THIS IS BIG ENDIAN."
   On a little endian machine the characters will be exchanged pairwise. */
const cmakeint16 info_big[] =     {0x5448, 0x4953, 0x2049, 0x5320, 0x4249, 0x4720, 0x454e, 0x4449, 0x414e, 0x2e2e, 0x0000};

#ifdef __CLASSIC_C__
int main(argc, argv) int argc; char *argv[];
#else
int main(int argc, char *argv[])
#endif
{
  int require = 0;
  require += info_little[argc];
  require += info_big[argc];
  (void)argv;
  return require;
}


Determining if the include file sys/stat.h exists passed with the following output:
Change Dir: /Users/seviezhou/Downloads/libdwarf-code-aafe188d1b8a2d50c4bdd1d8890980f0f5c65f84/build/CMakeFiles/CMakeTmp

Run Build Command:"/usr/bin/make" "cmTC_52c44/fast"
/Applications/Xcode.app/Contents/Developer/usr/bin/make -f CMakeFiles/cmTC_52c44.dir/build.make CMakeFiles/cmTC_52c44.dir/build
Building C object CMakeFiles/cmTC_52c44.dir/CheckIncludeFile.c.o
/Applications/Xcode.app/Contents/Developer/Toolchains/XcodeDefault.xctoolchain/usr/bin/cc    -o CMakeFiles/cmTC_52c44.dir/CheckIncludeFile.c.o   -c /Users/seviezhou/Downloads/libdwarf-code-aafe188d1b8a2d50c4bdd1d8890980f0f5c65f84/build/CMakeFiles/CMakeTmp/CheckIncludeFile.c
Linking C executable cmTC_52c44
/Applications/CMake.app/Contents/bin/cmake -E cmake_link_script CMakeFiles/cmTC_52c44.dir/link.txt --verbose=1
/Applications/Xcode.app/Contents/Developer/Toolchains/XcodeDefault.xctoolchain/usr/bin/cc   -Wl,-search_paths_first -Wl,-headerpad_max_install_names   CMakeFiles/cmTC_52c44.dir/CheckIncludeFile.c.o  -o cmTC_52c44 


Determining if the include file inttypes.h exists passed with the following output:
Change Dir: /Users/seviezhou/Downloads/libdwarf-code-aafe188d1b8a2d50c4bdd1d8890980f0f5c65f84/build/CMakeFiles/CMakeTmp

Run Build Command:"/usr/bin/make" "cmTC_e7ff7/fast"
/Applications/Xcode.app/Contents/Developer/usr/bin/make -f CMakeFiles/cmTC_e7ff7.dir/build.make CMakeFiles/cmTC_e7ff7.dir/build
Building C object CMakeFiles/cmTC_e7ff7.dir/CheckIncludeFile.c.o
/Applications/Xcode.app/Contents/Developer/Toolchains/XcodeDefault.xctoolchain/usr/bin/cc    -o CMakeFiles/cmTC_e7ff7.dir/CheckIncludeFile.c.o   -c /Users/seviezhou/Downloads/libdwarf-code-aafe188d1b8a2d50c4bdd1d8890980f0f5c65f84/build/CMakeFiles/CMakeTmp/CheckIncludeFile.c
Linking C executable cmTC_e7ff7
/Applications/CMake.app/Contents/bin/cmake -E cmake_link_script CMakeFiles/cmTC_e7ff7.dir/link.txt --verbose=1
/Applications/Xcode.app/Contents/Developer/Toolchains/XcodeDefault.xctoolchain/usr/bin/cc   -Wl,-search_paths_first -Wl,-headerpad_max_install_names   CMakeFiles/cmTC_e7ff7.dir/CheckIncludeFile.c.o  -o cmTC_e7ff7 


Determining if the include file stdlib.h exists passed with the following output:
Change Dir: /Users/seviezhou/Downloads/libdwarf-code-aafe188d1b8a2d50c4bdd1d8890980f0f5c65f84/build/CMakeFiles/CMakeTmp

Run Build Command:"/usr/bin/make" "cmTC_0c27b/fast"
/Applications/Xcode.app/Contents/Developer/usr/bin/make -f CMakeFiles/cmTC_0c27b.dir/build.make CMakeFiles/cmTC_0c27b.dir/build
Building C object CMakeFiles/cmTC_0c27b.dir/CheckIncludeFile.c.o
/Applications/Xcode.app/Contents/Developer/Toolchains/XcodeDefault.xctoolchain/usr/bin/cc    -o CMakeFiles/cmTC_0c27b.dir/CheckIncludeFile.c.o   -c /Users/seviezhou/Downloads/libdwarf-code-aafe188d1b8a2d50c4bdd1d8890980f0f5c65f84/build/CMakeFiles/CMakeTmp/CheckIncludeFile.c
Linking C executable cmTC_0c27b
/Applications/CMake.app/Contents/bin/cmake -E cmake_link_script CMakeFiles/cmTC_0c27b.dir/link.txt --verbose=1
/Applications/Xcode.app/Contents/Developer/Toolchains/XcodeDefault.xctoolchain/usr/bin/cc   -Wl,-search_paths_first -Wl,-headerpad_max_install_names   CMakeFiles/cmTC_0c27b.dir/CheckIncludeFile.c.o  -o cmTC_0c27b 


Determining if the include file string.h exists passed with the following output:
Change Dir: /Users/seviezhou/Downloads/libdwarf-code-aafe188d1b8a2d50c4bdd1d8890980f0f5c65f84/build/CMakeFiles/CMakeTmp

Run Build Command:"/usr/bin/make" "cmTC_adc79/fast"
/Applications/Xcode.app/Contents/Developer/usr/bin/make -f CMakeFiles/cmTC_adc79.dir/build.make CMakeFiles/cmTC_adc79.dir/build
Building C object CMakeFiles/cmTC_adc79.dir/CheckIncludeFile.c.o
/Applications/Xcode.app/Contents/Developer/Toolchains/XcodeDefault.xctoolchain/usr/bin/cc    -o CMakeFiles/cmTC_adc79.dir/CheckIncludeFile.c.o   -c /Users/seviezhou/Downloads/libdwarf-code-aafe188d1b8a2d50c4bdd1d8890980f0f5c65f84/build/CMakeFiles/CMakeTmp/CheckIncludeFile.c
Linking C executable cmTC_adc79
/Applications/CMake.app/Contents/bin/cmake -E cmake_link_script CMakeFiles/cmTC_adc79.dir/link.txt --verbose=1
/Applications/Xcode.app/Contents/Developer/Toolchains/XcodeDefault.xctoolchain/usr/bin/cc   -Wl,-search_paths_first -Wl,-headerpad_max_install_names   CMakeFiles/cmTC_adc79.dir/CheckIncludeFile.c.o  -o cmTC_adc79 


Determining if the include file memory.h exists passed with the following output:
Change Dir: /Users/seviezhou/Downloads/libdwarf-code-aafe188d1b8a2d50c4bdd1d8890980f0f5c65f84/build/CMakeFiles/CMakeTmp

Run Build Command:"/usr/bin/make" "cmTC_96655/fast"
/Applications/Xcode.app/Contents/Developer/usr/bin/make -f CMakeFiles/cmTC_96655.dir/build.make CMakeFiles/cmTC_96655.dir/build
Building C object CMakeFiles/cmTC_96655.dir/CheckIncludeFile.c.o
/Applications/Xcode.app/Contents/Developer/Toolchains/XcodeDefault.xctoolchain/usr/bin/cc    -o CMakeFiles/cmTC_96655.dir/CheckIncludeFile.c.o   -c /Users/seviezhou/Downloads/libdwarf-code-aafe188d1b8a2d50c4bdd1d8890980f0f5c65f84/build/CMakeFiles/CMakeTmp/CheckIncludeFile.c
Linking C executable cmTC_96655
/Applications/CMake.app/Contents/bin/cmake -E cmake_link_script CMakeFiles/cmTC_96655.dir/link.txt --verbose=1
/Applications/Xcode.app/Contents/Developer/Toolchains/XcodeDefault.xctoolchain/usr/bin/cc   -Wl,-search_paths_first -Wl,-headerpad_max_install_names   CMakeFiles/cmTC_96655.dir/CheckIncludeFile.c.o  -o cmTC_96655 


Determining if the include file strings.h exists passed with the following output:
Change Dir: /Users/seviezhou/Downloads/libdwarf-code-aafe188d1b8a2d50c4bdd1d8890980f0f5c65f84/build/CMakeFiles/CMakeTmp

Run Build Command:"/usr/bin/make" "cmTC_d9dfb/fast"
/Applications/Xcode.app/Contents/Developer/usr/bin/make -f CMakeFiles/cmTC_d9dfb.dir/build.make CMakeFiles/cmTC_d9dfb.dir/build
Building C object CMakeFiles/cmTC_d9dfb.dir/CheckIncludeFile.c.o
/Applications/Xcode.app/Contents/Developer/Toolchains/XcodeDefault.xctoolchain/usr/bin/cc    -o CMakeFiles/cmTC_d9dfb.dir/CheckIncludeFile.c.o   -c /Users/seviezhou/Downloads/libdwarf-code-aafe188d1b8a2d50c4bdd1d8890980f0f5c65f84/build/CMakeFiles/CMakeTmp/CheckIncludeFile.c
Linking C executable cmTC_d9dfb
/Applications/CMake.app/Contents/bin/cmake -E cmake_link_script CMakeFiles/cmTC_d9dfb.dir/link.txt --verbose=1
/Applications/Xcode.app/Contents/Developer/Toolchains/XcodeDefault.xctoolchain/usr/bin/cc   -Wl,-search_paths_first -Wl,-headerpad_max_install_names   CMakeFiles/cmTC_d9dfb.dir/CheckIncludeFile.c.o  -o cmTC_d9dfb 


Determining if the include file unistd.h exists passed with the following output:
Change Dir: /Users/seviezhou/Downloads/libdwarf-code-aafe188d1b8a2d50c4bdd1d8890980f0f5c65f84/build/CMakeFiles/CMakeTmp

Run Build Command:"/usr/bin/make" "cmTC_4f55e/fast"
/Applications/Xcode.app/Contents/Developer/usr/bin/make -f CMakeFiles/cmTC_4f55e.dir/build.make CMakeFiles/cmTC_4f55e.dir/build
Building C object CMakeFiles/cmTC_4f55e.dir/CheckIncludeFile.c.o
/Applications/Xcode.app/Contents/Developer/Toolchains/XcodeDefault.xctoolchain/usr/bin/cc    -o CMakeFiles/cmTC_4f55e.dir/CheckIncludeFile.c.o   -c /Users/seviezhou/Downloads/libdwarf-code-aafe188d1b8a2d50c4bdd1d8890980f0f5c65f84/build/CMakeFiles/CMakeTmp/CheckIncludeFile.c
Linking C executable cmTC_4f55e
/Applications/CMake.app/Contents/bin/cmake -E cmake_link_script CMakeFiles/cmTC_4f55e.dir/link.txt --verbose=1
/Applications/Xcode.app/Contents/Developer/Toolchains/XcodeDefault.xctoolchain/usr/bin/cc   -Wl,-search_paths_first -Wl,-headerpad_max_install_names   CMakeFiles/cmTC_4f55e.dir/CheckIncludeFile.c.o  -o cmTC_4f55e 


Determining if the include file alloca.h exists passed with the following output:
Change Dir: /Users/seviezhou/Downloads/libdwarf-code-aafe188d1b8a2d50c4bdd1d8890980f0f5c65f84/build/CMakeFiles/CMakeTmp

Run Build Command:"/usr/bin/make" "cmTC_73840/fast"
/Applications/Xcode.app/Contents/Developer/usr/bin/make -f CMakeFiles/cmTC_73840.dir/build.make CMakeFiles/cmTC_73840.dir/build
Building C object CMakeFiles/cmTC_73840.dir/CheckIncludeFile.c.o
/Applications/Xcode.app/Contents/Developer/Toolchains/XcodeDefault.xctoolchain/usr/bin/cc    -o CMakeFiles/cmTC_73840.dir/CheckIncludeFile.c.o   -c /Users/seviezhou/Downloads/libdwarf-code-aafe188d1b8a2d50c4bdd1d8890980f0f5c65f84/build/CMakeFiles/CMakeTmp/CheckIncludeFile.c
Linking C executable cmTC_73840
/Applications/CMake.app/Contents/bin/cmake -E cmake_link_script CMakeFiles/cmTC_73840.dir/link.txt --verbose=1
/Applications/Xcode.app/Contents/Developer/Toolchains/XcodeDefault.xctoolchain/usr/bin/cc   -Wl,-search_paths_first -Wl,-headerpad_max_install_names   CMakeFiles/cmTC_73840.dir/CheckIncludeFile.c.o  -o cmTC_73840 


Performing C SOURCE FILE Test HAVE_UINTPTR_T succeeded with the following output:
Change Dir: /Users/seviezhou/Downloads/libdwarf-code-aafe188d1b8a2d50c4bdd1d8890980f0f5c65f84/build/CMakeFiles/CMakeTmp

Run Build Command:"/usr/bin/make" "cmTC_f318f/fast"
/Applications/Xcode.app/Contents/Developer/usr/bin/make -f CMakeFiles/cmTC_f318f.dir/build.make CMakeFiles/cmTC_f318f.dir/build
Building C object CMakeFiles/cmTC_f318f.dir/src.c.o
/Applications/Xcode.app/Contents/Developer/Toolchains/XcodeDefault.xctoolchain/usr/bin/cc   -DHAVE_UINTPTR_T   -o CMakeFiles/cmTC_f318f.dir/src.c.o   -c /Users/seviezhou/Downloads/libdwarf-code-aafe188d1b8a2d50c4bdd1d8890980f0f5c65f84/build/CMakeFiles/CMakeTmp/src.c
Linking C executable cmTC_f318f
/Applications/CMake.app/Contents/bin/cmake -E cmake_link_script CMakeFiles/cmTC_f318f.dir/link.txt --verbose=1
/Applications/Xcode.app/Contents/Developer/Toolchains/XcodeDefault.xctoolchain/usr/bin/cc  -DHAVE_UINTPTR_T -Wl,-search_paths_first -Wl,-headerpad_max_install_names   CMakeFiles/cmTC_f318f.dir/src.c.o  -o cmTC_f318f 

Source file was:

  #include <stdint.h>
  int main()
  {
      uintptr_t i; i = 12;
      return (int)i;
  }
Performing C SOURCE FILE Test HAVE_INTPTR_T succeeded with the following output:
Change Dir: /Users/seviezhou/Downloads/libdwarf-code-aafe188d1b8a2d50c4bdd1d8890980f0f5c65f84/build/CMakeFiles/CMakeTmp

Run Build Command:"/usr/bin/make" "cmTC_b169c/fast"
/Applications/Xcode.app/Contents/Developer/usr/bin/make -f CMakeFiles/cmTC_b169c.dir/build.make CMakeFiles/cmTC_b169c.dir/build
Building C object CMakeFiles/cmTC_b169c.dir/src.c.o
/Applications/Xcode.app/Contents/Developer/Toolchains/XcodeDefault.xctoolchain/usr/bin/cc   -DHAVE_INTPTR_T   -o CMakeFiles/cmTC_b169c.dir/src.c.o   -c /Users/seviezhou/Downloads/libdwarf-code-aafe188d1b8a2d50c4bdd1d8890980f0f5c65f84/build/CMakeFiles/CMakeTmp/src.c
Linking C executable cmTC_b169c
/Applications/CMake.app/Contents/bin/cmake -E cmake_link_script CMakeFiles/cmTC_b169c.dir/link.txt --verbose=1
/Applications/Xcode.app/Contents/Developer/Toolchains/XcodeDefault.xctoolchain/usr/bin/cc  -DHAVE_INTPTR_T -Wl,-search_paths_first -Wl,-headerpad_max_install_names   CMakeFiles/cmTC_b169c.dir/src.c.o  -o cmTC_b169c 

Source file was:

  #include <stdint.h>
  int main()
  {
      intptr_t i; i = 12;
      return (int)i;
  }
Performing C SOURCE FILE Test HAVE_UNUSED_ATTRIBUTE succeeded with the following compile output:
Change Dir: /Users/seviezhou/Downloads/libdwarf-code-aafe188d1b8a2d50c4bdd1d8890980f0f5c65f84/build/CMakeFiles/CMakeTmp

Run Build Command:"/usr/bin/make" "cmTC_99b55/fast"
/Applications/Xcode.app/Contents/Developer/usr/bin/make -f CMakeFiles/cmTC_99b55.dir/build.make CMakeFiles/cmTC_99b55.dir/build
Building C object CMakeFiles/cmTC_99b55.dir/src.c.o
/Applications/Xcode.app/Contents/Developer/Toolchains/XcodeDefault.xctoolchain/usr/bin/cc   -DHAVE_UNUSED_ATTRIBUTE   -o CMakeFiles/cmTC_99b55.dir/src.c.o   -c /Users/seviezhou/Downloads/libdwarf-code-aafe188d1b8a2d50c4bdd1d8890980f0f5c65f84/build/CMakeFiles/CMakeTmp/src.c
Linking C executable cmTC_99b55
/Applications/CMake.app/Contents/bin/cmake -E cmake_link_script CMakeFiles/cmTC_99b55.dir/link.txt --verbose=1
/Applications/Xcode.app/Contents/Developer/Toolchains/XcodeDefault.xctoolchain/usr/bin/cc  -DHAVE_UNUSED_ATTRIBUTE -Wl,-search_paths_first -Wl,-headerpad_max_install_names   CMakeFiles/cmTC_99b55.dir/src.c.o  -o cmTC_99b55 

...and run output:

Return value: 1
Source file was:

  static unsigned foo( unsigned x, 
      __attribute__ ((unused)) int y)
  {  
      unsigned x2 = x + 1;
      return x2;
  } 
  
  int main(void) {
      unsigned y = 0;
      y = foo(12,y);
      return 0;
  }
Performing C SOURCE FILE Test HAVE_REGEX succeeded with the following output:
Change Dir: /Users/seviezhou/Downloads/libdwarf-code-aafe188d1b8a2d50c4bdd1d8890980f0f5c65f84/build/CMakeFiles/CMakeTmp

Run Build Command:"/usr/bin/make" "cmTC_ddd42/fast"
/Applications/Xcode.app/Contents/Developer/usr/bin/make -f CMakeFiles/cmTC_ddd42.dir/build.make CMakeFiles/cmTC_ddd42.dir/build
Building C object CMakeFiles/cmTC_ddd42.dir/src.c.o
/Applications/Xcode.app/Contents/Developer/Toolchains/XcodeDefault.xctoolchain/usr/bin/cc   -DHAVE_REGEX   -o CMakeFiles/cmTC_ddd42.dir/src.c.o   -c /Users/seviezhou/Downloads/libdwarf-code-aafe188d1b8a2d50c4bdd1d8890980f0f5c65f84/build/CMakeFiles/CMakeTmp/src.c
Linking C executable cmTC_ddd42
/Applications/CMake.app/Contents/bin/cmake -E cmake_link_script CMakeFiles/cmTC_ddd42.dir/link.txt --verbose=1
/Applications/Xcode.app/Contents/Developer/Toolchains/XcodeDefault.xctoolchain/usr/bin/cc  -DHAVE_REGEX -Wl,-search_paths_first -Wl,-headerpad_max_install_names   CMakeFiles/cmTC_ddd42.dir/src.c.o  -o cmTC_ddd42 

Source file was:
  #include <sys/types.h>
  #include <regex.h> 
  int main()
  {
      int i; 
      regex_t r;
      int cflags = REG_EXTENDED;
      const char *s = "abc";
      i = regcomp(&r,s,cflags);
      regfree(&r);
      return 0;
  } 
Performing C SOURCE FILE Test HAVE_ZLIB succeeded with the following output:
Change Dir: /Users/seviezhou/Downloads/libdwarf-code-aafe188d1b8a2d50c4bdd1d8890980f0f5c65f84/build/CMakeFiles/CMakeTmp

Run Build Command:"/usr/bin/make" "cmTC_70529/fast"
/Applications/Xcode.app/Contents/Developer/usr/bin/make -f CMakeFiles/cmTC_70529.dir/build.make CMakeFiles/cmTC_70529.dir/build
Building C object CMakeFiles/cmTC_70529.dir/src.c.o
/Applications/Xcode.app/Contents/Developer/Toolchains/XcodeDefault.xctoolchain/usr/bin/cc   -DHAVE_ZLIB   -o CMakeFiles/cmTC_70529.dir/src.c.o   -c /Users/seviezhou/Downloads/libdwarf-code-aafe188d1b8a2d50c4bdd1d8890980f0f5c65f84/build/CMakeFiles/CMakeTmp/src.c
Linking C executable cmTC_70529
/Applications/CMake.app/Contents/bin/cmake -E cmake_link_script CMakeFiles/cmTC_70529.dir/link.txt --verbose=1
/Applications/Xcode.app/Contents/Developer/Toolchains/XcodeDefault.xctoolchain/usr/bin/cc  -DHAVE_ZLIB -Wl,-search_paths_first -Wl,-headerpad_max_install_names   CMakeFiles/cmTC_70529.dir/src.c.o  -o cmTC_70529 -lz 

Source file was:
  #include "zlib.h"
  int main()
  {
      Bytef dest[100];
      uLongf destlen = 100;
      Bytef *src = 0;
      uLong srclen = 3;
      int res = uncompress(dest,&destlen,src,srclen);
      if (res == Z_OK) {
           /* ALL IS WELL */
      }
      return 0;
  } 
Performing C SOURCE FILE Test HAVE_ZLIB_H succeeded with the following output:
Change Dir: /Users/seviezhou/Downloads/libdwarf-code-aafe188d1b8a2d50c4bdd1d8890980f0f5c65f84/build/CMakeFiles/CMakeTmp

Run Build Command:"/usr/bin/make" "cmTC_77c0a/fast"
/Applications/Xcode.app/Contents/Developer/usr/bin/make -f CMakeFiles/cmTC_77c0a.dir/build.make CMakeFiles/cmTC_77c0a.dir/build
Building C object CMakeFiles/cmTC_77c0a.dir/src.c.o
/Applications/Xcode.app/Contents/Developer/Toolchains/XcodeDefault.xctoolchain/usr/bin/cc   -DHAVE_ZLIB_H   -o CMakeFiles/cmTC_77c0a.dir/src.c.o   -c /Users/seviezhou/Downloads/libdwarf-code-aafe188d1b8a2d50c4bdd1d8890980f0f5c65f84/build/CMakeFiles/CMakeTmp/src.c
Linking C executable cmTC_77c0a
/Applications/CMake.app/Contents/bin/cmake -E cmake_link_script CMakeFiles/cmTC_77c0a.dir/link.txt --verbose=1
/Applications/Xcode.app/Contents/Developer/Toolchains/XcodeDefault.xctoolchain/usr/bin/cc  -DHAVE_ZLIB_H -Wl,-search_paths_first -Wl,-headerpad_max_install_names   CMakeFiles/cmTC_77c0a.dir/src.c.o  -o cmTC_77c0a -lz 

Source file was:
  #include "zlib.h"
  int main()
  {
      Bytef dest[100];
      uLongf destlen = 100;
      Bytef *src = 0;
      uLong srclen = 3;
      int res = uncompress(dest,&destlen,src,srclen);
      if (res == Z_OK) {
           /* ALL IS WELL */
      }
      return 0;
  } 
